1645242611397,INFO,Nombre m15.txt, Palabras 82, Palabras diferentes 34
1645242611517,INFO,[address, alternate, attractive, cisco, company, contact, currently, database, dear, deter, devoted, doing, email, empowerment, happy, hardworking, help, hours, i'm, inc®, inform, job, kindly, position, program, reputable, running, school, secure, student, students, time, wages, weekly]
1645242611540,INFO,Nombre m01.txt, Palabras 83, Palabras diferentes 35
1645242611541,INFO,[address, attractive, cisco, company, contact, currently, database, dear, deter, devoted, doing, email, empowerment, happy, hardworking, help, hours, i'm, inc®, inform, job, kindly, personal, position, program, reputable, running, school, secure, student, students, systems, time, wages, weekly]
1645242611572,INFO,Nombre m14.txt, Palabras 79, Palabras diferentes 43
1645242611574,INFO,[address, berkeley, california, closely, company, consultant, corestaff, covid, currently, dear, donna, email, empowerment, happy, health, hr, i'm, inc®, inform, job, kindly, lisa, living, manager, monitoring, months, online, organizing, past, personal, position, professionals, program, regards, reputable, running, services, spread, student, students, sustain, time, university]
1645242611590,INFO,Nombre m02.txt, Palabras 97, Palabras diferentes 25
1645242611591,INFO,[agents, anytime, bed, classes, completed, completely, currently, daily, day, don't, earn, evening, forward, hello, home, job, night, online, opportunity, professional, skill, supplier, time, weekly, won't]
1645242611608,INFO,Nombre m16.txt, Palabras 95, Palabras diferentes 43
1645242611610,INFO,[3a, able, access, account, activate, address, assistance, auth, below, berkeley, browser, cas, click, contact, continue, copy, dear, due, e, edu, expiring, external, https, immediate, inactivity, library, link, login, mail, paste, please, profile, purpose, reactivate, redirected, sends, service=https, services, soon, student, successful, web, xxxxx@berkeley]
1645242611624,INFO,Nombre m17.txt, Palabras 57, Palabras diferentes 23
1645242611627,INFO,[application, below, click, dropbox, dropboxing, file, free, friend, gb, happy, hello, installs, log, please, received, share, space, tb, team, time, upgrade, view, we'll]
1645242611647,INFO,Nombre m03.txt, Palabras 75, Palabras diferentes 34
1645242611650,INFO,[abraham, academic, am, assessed, assessment, assistant, busy, chamber, coaching, comfortable, commerce, diagnosis, difficulties, discussing, dr, feel, help, hi, i, individual, personal, prior, process, provide, ralph, referred, screening, seen, student, students, study, temporary, therapy, university]
1645242611694,INFO,Nombre m07.txt, Palabras 55, Palabras diferentes 19
1645242611699,INFO,[account, berkeley, cancel, customer, data, deactivate, deactivated, deactivation, dear, edu, email, internet, lost, processed, recently, request, shortly, sincerely, team]
1645242611717,INFO,Nombre m13.txt, Palabras 127, Palabras diferentes 48
1645242611720,INFO,[*, *please, advice, answers, appointment, benefit, benefits, berkeley, california, call, campus, cell, consultation, crook, direct, eligible, employee, expected, federal, include, income, indicate, individual, information, meeting, notes, options, person, phone, please, prefer, provided, questions, receive, representative, retire, retirement, schedule, scheduling, section, security, social, specific, teleconference, type, ucrp, university, utilize]
1645242611734,INFO,Nombre m12.txt, Palabras 106, Palabras diferentes 45
1645242611736,INFO,[asian, available, barnes, beckwith, beginner's, berkeley, busy, california, capable, contact, covid, daughter, department, depends, directive, directory's, doing, due, east, forward, hearing, hello, i, job, language, languages, literatures, looking, owing, pandemic, portal, private, recommend, remotely, s, schedule, seek, status, student, teach, teaching, tutor, tutor's, unable, university]
1645242611742,INFO,Nombre m06.txt, Palabras 71, Palabras diferentes 29
1645242611743,INFO,[access, addition, b, birth, blockers, code, date, disabled, download, external, following, html, https, inform, initials, laboratory, link, name, patient, pdf, pmhlaboratoxxxxxxxxx, pop, provide, ready, report, reports, result, results, via]
1645242611752,INFO,Nombre m10.txt, Palabras 49, Palabras diferentes 24
1645242611752,INFO,[access, account, activity, below, berkeley, changed, click, dear, edu, emails, fix, info, irregular, issue, measure, precautionary, prevent, resolved, restricted, security, send, unable, unties, validate]
1645242611766,INFO,Nombre m04.txt, Palabras 119, Palabras diferentes 55
1645242611767,INFO,[a0hf49gj29g, act, believe, berkeley, c, check, com, company, copyright, copyrights, damages, digital, document, download, drive, earlier, edu, et, evidence, folders, forth, google, hello, hosts, hxxps, i, i4jb48n5, id=308682351554855915, images, infringed, infringing, liable, links, look, millennium, name, owned, protected, publications, rights, s, section, seq, set, shafaq, shared, sites, statutory, therein, u, view, website, willfully, yourself, ”dmca”]
1645242611772,INFO,Nombre m05.txt, Palabras 51, Palabras diferentes 26
1645242611773,INFO,[490a, administrative, assistant, berkeley, bernhard, boser, california, carried, competent, cory, hall, name, paid, proceed, professor, remotely, research, seeking, services, student, tasks, text, time, undergraduate, university, weekly]
1645242611780,INFO,Nombre m11.txt, Palabras 107, Palabras diferentes 47
1645242611782,INFO,[&, account, activities, activity, automated, backup, below, berkeley, block, calnet, clean, client, communication, created, credentials, data, detected, duo, effectively, hello, help, id, inc1147653, incident, information, irregular, itcs, login, lose, measure, migration, moving, official, otherwise, precautionary, process, quarantine, recent, reference, related, server, services, system, temporary, ticket, uc, |]
1645242611788,INFO,Nombre m20.txt, Palabras 101, Palabras diferentes 33
1645242611789,INFO,[account, appears, apple, below, clicking, continue, don't, email, following, hello, help, id, identity, incorrect, information, link, missing, noticed, please, process, protect, regularly, require, secure, sign, start, support, update, using, verification, verify, we've, wondering]
1645242611795,INFO,Nombre m08.txt, Palabras 71, Palabras diferentes 29
1645242611796,INFO,[*, *note, access, account, activity, admin, administrator, click, connected, dear, detected, emails, hours, irregular, issue, mail, notice, posted, prevent, recieve, resolved, restrict, security, send, system, unable, updates, validate, xxxx]
1645242611802,INFO,Nombre m09.txt, Palabras 129, Palabras diferentes 61
1645242611814,INFO,[access, advisor, allow, assistance, benefits, bill, committed, covid, currently, dear, department, douglas, due, duties, earn, economically, education, email, equal, help, i'm, ignacio, independently, items, jeopardizing, jobs, letters, live, lost, mail, offer, office, online, opportunity, pandemic, payments, policy, professor, program, provide, purchase, received, retail, save, self, senior, services, significant, sometimes, stores, student, students, suap, sufficient, supports, temporary, typical, unemployed, unemployment, university, virtual]
1645242611819,INFO,Nombre m19.txt, Palabras 75, Palabras diferentes 29
1645242611820,INFO,[48h, access, account, activity, allow, attachment, bankofamerica, completed, continue, copyright, date, detected, follow, html, irregular, irregularactivityfile, limited, please, protection, regain, reserve, rights, sent, steps, temporary, update, using, verify, ©]
1645242611825,INFO,Nombre m18.txt, Palabras 65, Palabras diferentes 35
1645242611826,INFO,[access, account, believe, berkeley, browser, click, date, dear, disregard, else, email, familiar, firefox, icloud, id, information, location, looks, october, operating, pm, recently, sign, sincerely, support, system, team, technical, thailand, time, trying, user, via, web, windows]
